Arguments: 
  /usr/bin/node /mnt/c/Users/pc/AppData/Roaming/npm/node_modules/yarn/bin/yarn.js add dontenv

PATH: 
  /home/deviego/.local/share/zinit/polaris/bin:/usr/local/sbin:/usr/local/bin:/usr/sbin:/usr/bin:/sbin:/bin:/usr/games:/usr/local/games:/mnt/c/Program Files (x86)/NVIDIA Corporation/PhysX/Common:/mnt/c/WINDOWS/system32:/mnt/c/WINDOWS:/mnt/c/WINDOWS/System32/Wbem:/mnt/c/WINDOWS/System32/WindowsPowerShell/v1.0/:/mnt/c/WINDOWS/System32/OpenSSH/:/mnt/d/Microsoft VS Code/bin:/mnt/c/Program Files/dotnet/:/mnt/c/Program Files (x86)/Intel/Intel(R) Management Engine Components/DAL:/mnt/c/Program Files/Intel/Intel(R) Management Engine Components/DAL:/mnt/d/Git/cmd:/mnt/c/Program Files (x86)/Calibre2/:/mnt/c/Program Files/nodejs/:/mnt/c/Users/pc/AppData/Local/Microsoft/WindowsApps:/mnt/c/Users/pc/AppData/Local/Programs/Hyper/resources/bin:/mnt/c/Users/pc/AppData/Roaming/npm

Yarn version: 
  1.22.18

Node version: 
  16.14.2

Platform: 
  linux x64

Trace: 
  Error: https://registry.yarnpkg.com/dontenv: Not found
      at Request.params.callback [as _callback] (/mnt/c/Users/pc/AppData/Roaming/npm/node_modules/yarn/lib/cli.js:66138:18)
      at Request.self.callback (/mnt/c/Users/pc/AppData/Roaming/npm/node_modules/yarn/lib/cli.js:140883:22)
      at Request.emit (node:events:526:28)
      at Request.<anonymous> (/mnt/c/Users/pc/AppData/Roaming/npm/node_modules/yarn/lib/cli.js:141855:10)
      at Request.emit (node:events:526:28)
      at IncomingMessage.<anonymous> (/mnt/c/Users/pc/AppData/Roaming/npm/node_modules/yarn/lib/cli.js:141777:12)
      at Object.onceWrapper (node:events:645:28)
      at IncomingMessage.emit (node:events:538:35)
      at endReadableNT (node:internal/streams/readable:1345:12)
      at processTicksAndRejections (node:internal/process/task_queues:83:21)

npm manifest: 
  {
    "name": "detData",
    "version": "1.0.0",
    "main": "script.js",
    "license": "MIT",
    "dependencies": {
      "date-fns": "^2.28.0",
      "nodemailer": "^6.7.4"
    }
  }

yarn manifest: 
  No manifest

Lockfile: 
  # THIS IS AN AUTOGENERATED FILE. DO NOT EDIT THIS FILE DIRECTLY.
  # yarn lockfile v1
  
  
  date-fns@^2.28.0:
    version "2.28.0"
    resolved "https://registry.yarnpkg.com/date-fns/-/date-fns-2.28.0.tgz#9570d656f5fc13143e50c975a3b6bbeb46cd08b2"
    integrity sha512-8d35hViGYx/QH0icHYCeLmsLmMUheMmTyV9Fcm6gvNwdw31yXXH+O85sOBJ+OLnLQMKZowvpKb6FgMIQjcpvQw==
  
  nodemailer@^6.7.4:
    version "6.7.4"
    resolved "https://registry.yarnpkg.com/nodemailer/-/nodemailer-6.7.4.tgz#28771bda3dda8f2dad1912aca0f8727ce7f09d89"
    integrity sha512-TBSS3qS8WG45ycUwEvEA/3UM1o3sLz9jUl4TPUKPz4ImWWM6UgRCb5pLO+HOouDKEj57yNLOrzQlO8+9IjWZoA==
